Using pre-set license
Built from '2020.3/release' branch; Version is '2020.3.15f2 (6cf78cb77498) revision 7141260'; Using compiler version '192528614'; Build Type 'Release'
OS: 'Windows 10 Home Single Language; OS build 19042.1348; Version 2009; 64bit' Language: 'ru' Physical Memory: 3919 MB
BatchMode: 1, IsHumanControllingUs: 0, StartBugReporterOnCrash: 0, Is64bit: 1, IsPro: 0

 COMMAND LINE ARGUMENTS:
C:\Program Files\Unity\Editor\Unity.exe
-adb2
-batchMode
-noUpm
-name
AssetImportWorker0
-projectPath
C:/Users/Анна/Documents/GitHub/Laser
-logFile
Logs/AssetImportWorker0.log
-srvPort
61017
Successfully changed project path to: C:/Users/Анна/Documents/GitHub/Laser
C:/Users/Анна/Documents/GitHub/Laser
Using Asset Import Pipeline V2.
Refreshing native plugins compatible for Editor in 175.80 ms, found 2 plugins.
Preloading 0 native plugins for Editor in 0.00 ms.
Initialize engine version: 2020.3.15f2 (6cf78cb77498)
[Subsystems] Discovering subsystems at path C:/Program Files/Unity/Editor/Data/Resources/UnitySubsystems
[Subsystems] Discovering subsystems at path C:/Users/Анна/Documents/GitHub/Laser/Assets
GfxDevice: creating device client; threaded=0
Direct3D:
    Version:  Direct3D 11.0 [level 11.1]
    Renderer: Intel(R) UHD Graphics 605 (ID=0x3184)
    Vendor:   
    VRAM:     1959 MB
    Driver:   27.20.100.8681
Initialize mono
Mono path[0] = 'C:/Program Files/Unity/Editor/Data/Managed'
Mono path[1] = 'C:/Program Files/Unity/Editor/Data/MonoBleedingEdge/lib/mono/unityjit'
Mono config path = 'C:/Program Files/Unity/Editor/Data/MonoBleedingEdge/etc'
Using monoOptions --debugger-agent=transport=dt_socket,embedding=1,server=y,suspend=n,address=127.0.0.1:56572
Begin MonoManager ReloadAssembly
Registering precompiled unity dll's ...
Register platform support module: C:/Program Files/Unity/Editor/Data/PlaybackEngines/WindowsStandaloneSupport/UnityEditor.WindowsStandalone.Extensions.dll
Registered in 0.008629 seconds.
Native extension for WindowsStandalone target not found
Refreshing native plugins compatible for Editor in 157.68 ms, found 2 plugins.
Preloading 0 native plugins for Editor in 0.00 ms.
Mono: successfully reloaded assembly
- Completed reload, in  4.508 seconds
Domain Reload Profiling:
	ReloadAssembly (4509ms)
		BeginReloadAssembly (141ms)
			ExecutionOrderSort (0ms)
			DisableScriptedObjects (0ms)
			BackupInstance (0ms)
			ReleaseScriptingObjects (0ms)
			CreateAndSetChildDomain (2ms)
		EndReloadAssembly (1160ms)
			LoadAssemblies (133ms)
			RebuildTransferFunctionScriptingTraits (0ms)
			SetupTypeCache (444ms)
			ReleaseScriptCaches (0ms)
			RebuildScriptCaches (80ms)
			SetupLoadedEditorAssemblies (447ms)
				LogAssemblyErrors (0ms)
				InitializePlatformSupportModulesInManaged (9ms)
				SetLoadedEditorAssemblies (0ms)
				RefreshPlugins (158ms)
				BeforeProcessingInitializeOnLoad (36ms)
				ProcessInitializeOnLoadAttributes (181ms)
				ProcessInitializeOnLoadMethodAttributes (62ms)
				AfterProcessingInitializeOnLoad (0ms)
				EditorAssembliesLoaded (0ms)
			ExecutionOrderSort2 (0ms)
			AwakeInstancesAfterBackupRestoration (0ms)
Platform modules already initialized, skipping
Registering precompiled user dll's ...
Registered in 0.042964 seconds.
Begin MonoManager ReloadAssembly
Native extension for WindowsStandalone target not found
Refreshing native plugins compatible for Editor in 142.78 ms, found 2 plugins.
Preloading 0 native plugins for Editor in 0.00 ms.
Mono: successfully reloaded assembly
- Completed reload, in  3.081 seconds
Domain Reload Profiling:
	ReloadAssembly (3084ms)
		BeginReloadAssembly (325ms)
			ExecutionOrderSort (0ms)
			DisableScriptedObjects (11ms)
			BackupInstance (0ms)
			ReleaseScriptingObjects (0ms)
			CreateAndSetChildDomain (42ms)
		EndReloadAssembly (2609ms)
			LoadAssemblies (414ms)
			RebuildTransferFunctionScriptingTraits (0ms)
			SetupTypeCache (829ms)
			ReleaseScriptCaches (1ms)
			RebuildScriptCaches (118ms)
			SetupLoadedEditorAssemblies (923ms)
				LogAssemblyErrors (0ms)
				InitializePlatformSupportModulesInManaged (10ms)
				SetLoadedEditorAssemblies (0ms)
				RefreshPlugins (143ms)
				BeforeProcessingInitializeOnLoad (222ms)
				ProcessInitializeOnLoadAttributes (498ms)
				ProcessInitializeOnLoadMethodAttributes (34ms)
				AfterProcessingInitializeOnLoad (16ms)
				EditorAssembliesLoaded (1ms)
			ExecutionOrderSort2 (0ms)
			AwakeInstancesAfterBackupRestoration (17ms)
Platform modules already initialized, skipping
========================================================================
Worker process is ready to serve import requests
Launched and connected shader compiler UnityShaderCompiler.exe after 0.40 seconds
Refreshing native plugins compatible for Editor in 1.80 ms, found 2 plugins.
Preloading 0 native plugins for Editor in 0.00 ms.
Unloading 2764 Unused Serialized files (Serialized files now loaded: 0)
System memory in use before: 125.6 MB.
System memory in use after: 125.8 MB.

Unloading 20 unused Assets to reduce memory usage. Loaded Objects now: 3204.
Total: 7.205200 ms (FindLiveObjects: 0.938900 ms CreateObjectMapping: 0.173300 ms MarkObjects: 5.814300 ms  DeleteObjects: 0.275500 ms)

AssetImportParameters requested are different than current active one (requested -> active):
  custom:framework-win-MediaFoundation: 216162199b28c13a410421893ffa2e32 -> 
  custom:video-decoder-ogg-theora: a1e56fd34408186e4bbccfd4996cb3dc -> 
  custom:container-muxer-webm: aa71ff27fc2769a1b78a27578f13a17b -> 
  custom:container-demuxer-webm: 4f35f7cbe854078d1ac9338744f61a02 -> 
  custom:container-demuxer-ogg: 62fdf1f143b41e24485cea50d1cbac27 -> 
  custom:video-encoder-webm-vp8: eb34c28f22e8b96e1ab97ce403110664 -> 
  custom:video-decoder-webm-vp8: 9c59270c3fd7afecdb556c50c9e8de78 -> 
  custom:audio-decoder-ogg-vorbis: bf7c407c2cedff20999df2af8eb42d56 -> 
  custom:audio-encoder-webm-vorbis: bf7c407c2cedff20999df2af8eb42d56 -> 
========================================================================
Received Import Request.
  path: Assets/Material/Walls/Materials/Materials/Снимок экрана 2021-11-20 222606.png
  artifactKey: Guid(d0553072e8e83c246b92d47431ccbcae) Importer(815301076,1909f56bfc062723c751e8b465ee728b)
Start importing Assets/Material/Walls/Materials/Materials/Снимок экрана 2021-11-20 222606.png using Guid(d0553072e8e83c246b92d47431ccbcae) Importer(815301076,1909f56bfc062723c751e8b465ee728b)  -> (artifact id: '044108fac07fa916467458034d18ea88') in 0.211894 seconds 
  Import took 0.223107 seconds .

========================================================================
Received Import Request.
  Time since last request: 0.000455 seconds.
  path: Assets/Material/Walls/Materials/Materials/Снимок экрана 2021-11-20 132122.mat
  artifactKey: Guid(eec79dbaca91f524cb4d705e7b926bb9) Importer(815301076,1909f56bfc062723c751e8b465ee728b)
Start importing Assets/Material/Walls/Materials/Materials/Снимок экрана 2021-11-20 132122.mat using Guid(eec79dbaca91f524cb4d705e7b926bb9) Importer(815301076,1909f56bfc062723c751e8b465ee728b)  -> (artifact id: 'f8e6e041268a7ecd856671c3720f67a5') in 0.285708 seconds 
  Import took 0.296933 seconds .

========================================================================
Received Import Request.
  Time since last request: 74.371045 seconds.
  path: Assets/Material/Walls/Materials/Materials/Снимок экрана 2021-11-20 222731.png
  artifactKey: Guid(710ed1fbf3e3905479033399f0db9b13) Importer(815301076,1909f56bfc062723c751e8b465ee728b)
Start importing Assets/Material/Walls/Materials/Materials/Снимок экрана 2021-11-20 222731.png using Guid(710ed1fbf3e3905479033399f0db9b13) Importer(815301076,1909f56bfc062723c751e8b465ee728b)  -> (artifact id: '284bbb362913833415bd5b29420daa58') in 0.080535 seconds 
  Import took 0.101152 seconds .

========================================================================
Received Import Request.
  Time since last request: 1007.174776 seconds.
  path: Assets/Material/Walls/Materials/Materials/Materials/Снимок экрана 2021-11-20 222606.mat
  artifactKey: Guid(d823d27dcd7998642839ba996dc3dda1) Importer(815301076,1909f56bfc062723c751e8b465ee728b)
Start importing Assets/Material/Walls/Materials/Materials/Materials/Снимок экрана 2021-11-20 222606.mat using Guid(d823d27dcd7998642839ba996dc3dda1) Importer(815301076,1909f56bfc062723c751e8b465ee728b)  -> (artifact id: '70fcca96f6b25953c0826feb2571d022') in 0.046696 seconds 
  Import took 0.066776 seconds .

========================================================================
Received Import Request.
  Time since last request: 0.000665 seconds.
  path: Assets/Material/Walls/Materials/Materials/Materials/Снимок экрана 2021-11-20 222731.mat
  artifactKey: Guid(32f325b275a5c234e9a642e5d589d58e) Importer(815301076,1909f56bfc062723c751e8b465ee728b)
Start importing Assets/Material/Walls/Materials/Materials/Materials/Снимок экрана 2021-11-20 222731.mat using Guid(32f325b275a5c234e9a642e5d589d58e) Importer(815301076,1909f56bfc062723c751e8b465ee728b)  -> (artifact id: '7849e0d045a5420f881346d9ddc82f3e') in 0.047058 seconds 
  Import took 0.061471 seconds .

AssetImportWorkerClient::OnTransportError - code=2 error=End of file
